<?xml version="1.0" encoding="UTF-8"?>
<!-- Generated by org.testng.reporters.JUnitXMLReporter -->
<testsuite hostname="SBikumalla" ignored="2" name="Default test" tests="1" failures="0" timestamp="2020-02-25T16:32:02 IST" time="105.216" errors="0">
  <testcase name="Scroll" time="95.261" classname="Selenium.Automation.scrollDown"/>
  <testcase name="harshab" time="0.0" classname="Selenium.Automation.scrollDown">
    <ignored/>
  </testcase> <!-- harshab -->
  <testcase name="harsha" time="0.0" classname="Selenium.Automation.scrollDown">
    <ignored/>
  </testcase> <!-- harsha -->
</testsuite> <!-- Default test -->
