<?xml version="1.0" encoding="UTF-8"?>
<testng-results skipped="0" failed="0" ignored="2" total="3" passed="1">
  <reporter-output>
  </reporter-output>
  <suite name="Default suite" duration-ms="105216" started-at="2020-02-25T16:30:17 IST" finished-at="2020-02-25T16:32:02 IST">
    <groups>
    </groups>
    <test name="Default test" duration-ms="105216" started-at="2020-02-25T16:30:17 IST" finished-at="2020-02-25T16:32:02 IST">
      <class name="Selenium.Automation.scrollDown">
        <test-method status="PASS" signature="DriverInitialization()[pri:0, instance:Selenium.Automation.scrollDown@3701eaf6]" name="DriverInitialization" is-config="true" duration-ms="9932" started-at="2020-02-25T16:30:17 IST" finished-at="2020-02-25T16:30:27 IST">
          <reporter-output>
          </reporter-output>
        </test-method> <!-- DriverInitialization -->
        <test-method status="PASS" signature="Scroll()[pri:0, instance:Selenium.Automation.scrollDown@3701eaf6]" name="Scroll" duration-ms="95261" started-at="2020-02-25T16:30:27 IST" finished-at="2020-02-25T16:32:02 IST">
          <reporter-output>
          </reporter-output>
        </test-method> <!-- Scroll -->
      </class> <!-- Selenium.Automation.scrollDown -->
    </test> <!-- Default test -->
  </suite> <!-- Default suite -->
</testng-results>
