<?xml version="1.0" encoding="UTF-8"?>
<testng-results skipped="0" failed="0" ignored="0" total="3" passed="3">
  <reporter-output>
  </reporter-output>
  <suite name="Sample suite" duration-ms="26429" started-at="2020-03-04T07:03:02Z" finished-at="2020-03-04T07:03:28Z">
    <groups>
    </groups>
    <test name="Learning Jenkins" duration-ms="26429" started-at="2020-03-04T07:03:02Z" finished-at="2020-03-04T07:03:28Z">
      <class name="Selenium.Automation.scrollDown">
        <test-method status="PASS" signature="DriverInitialization()[pri:0, instance:Selenium.Automation.scrollDown@67b64c45]" name="DriverInitialization" is-config="true" duration-ms="10790" started-at="2020-03-04T12:33:02Z" finished-at="2020-03-04T12:33:13Z">
          <reporter-output>
          </reporter-output>
        </test-method> <!-- DriverInitialization -->
        <test-method status="PASS" signature="Scroll()[pri:0, instance:Selenium.Automation.scrollDown@67b64c45]" name="Scroll" duration-ms="15617" started-at="2020-03-04T12:33:13Z" finished-at="2020-03-04T12:33:28Z">
          <reporter-output>
          </reporter-output>
        </test-method> <!-- Scroll -->
        <test-method status="PASS" signature="harshab()[pri:0, instance:Selenium.Automation.scrollDown@67b64c45]" name="harshab" duration-ms="0" started-at="2020-03-04T12:33:28Z" finished-at="2020-03-04T12:33:28Z">
          <reporter-output>
          </reporter-output>
        </test-method> <!-- harshab -->
        <test-method status="PASS" signature="harsha()[pri:0, instance:Selenium.Automation.scrollDown@67b64c45]" name="harsha" duration-ms="0" started-at="2020-03-04T12:33:28Z" finished-at="2020-03-04T12:33:28Z">
          <reporter-output>
          </reporter-output>
        </test-method> <!-- harsha -->
      </class> <!-- Selenium.Automation.scrollDown -->
    </test> <!-- Learning Jenkins -->
  </suite> <!-- Sample suite -->
</testng-results>
