<?xml version="1.0" encoding="UTF-8"?>
<!-- Generated by org.testng.reporters.JUnitXMLReporter -->
<testsuite hostname="SBikumalla" ignored="0" name="Learning Jenkins" tests="3" failures="0" timestamp="04 Mar 2020 07:03:28 GMT" time="26.429" errors="0">
  <testcase name="Scroll" time="15.617" classname="Selenium.Automation.scrollDown"/>
  <testcase name="harsha" time="0.0" classname="Selenium.Automation.scrollDown"/>
  <testcase name="harshab" time="0.0" classname="Selenium.Automation.scrollDown"/>
</testsuite> <!-- Learning Jenkins -->
